<?xml version="1.0" encoding="UTF-8"?>
<!-- Generated by org.testng.reporters.JUnitReportReporter -->
<testsuite hostname="DESKTOP-FP3M7NI" failures="0" tests="2" name="testCases.TC001_AccountRegistrationTest" time="19.173" errors="0" timestamp="2025-03-29T06:04:43 GMT-09:00" skipped="0">
  <testcase classname="testCases.TC001_AccountRegistrationTest" name="verify_account_registration" time="9.155"/>
  <testcase classname="testCases.TC001_AccountRegistrationTest" name="verify_account_registration" time="10.018"/>
</testsuite> <!-- testCases.TC001_AccountRegistrationTest -->
