<?xml version="1.0" encoding="UTF-8"?>
<!-- Generated by org.testng.reporters.JUnitReportReporter -->
<testsuite hostname="DESKTOP-FP3M7NI" failures="0" tests="2" name="testCases.TC002_LoginTest" time="13.747" errors="0" timestamp="2025-03-29T06:04:43 GMT-09:00" skipped="0">
  <testcase classname="testCases.TC002_LoginTest" name="verify_UserLogin" time="6.866"/>
  <testcase classname="testCases.TC002_LoginTest" name="verify_UserLogin" time="6.881"/>
</testsuite> <!-- testCases.TC002_LoginTest -->
