<?xml version="1.0" encoding="UTF-8"?>
<!-- Generated by org.testng.reporters.JUnitReportReporter -->
<testsuite hostname="DESKTOP-FP3M7NI" failures="0" tests="1" name="testCases.AccountRegistrationTest" time="4.631" errors="0" timestamp="2025-02-18T13:38:33 GMT-08:00" skipped="0">
  <testcase classname="testCases.AccountRegistrationTest" name="verify_account_registration" time="4.631"/>
</testsuite> <!-- testCases.AccountRegistrationTest -->
